0 info it worked if it ends with ok
1 verbose cli [ '/usr/bin/node', '/usr/bin/npm', 'install', '-g', 'body-parser' ]
2 info using npm@1.4.28
3 info using node@v0.10.32
4 verbose node symlink /usr/bin/node
5 verbose cache add [ 'body-parser', null ]
6 verbose cache add name=undefined spec="body-parser" args=["body-parser",null]
7 verbose parsed url { protocol: null,
7 verbose parsed url   slashes: null,
7 verbose parsed url   auth: null,
7 verbose parsed url   host: null,
7 verbose parsed url   port: null,
7 verbose parsed url   hostname: null,
7 verbose parsed url   hash: null,
7 verbose parsed url   search: null,
7 verbose parsed url   query: null,
7 verbose parsed url   pathname: 'body-parser',
7 verbose parsed url   path: 'body-parser',
7 verbose parsed url   href: 'body-parser' }
8 silly lockFile 14cf125c-body-parser body-parser
9 verbose lock body-parser /home/faradey/.npm/14cf125c-body-parser.lock
10 silly lockFile 14cf125c-body-parser body-parser
11 silly lockFile 14cf125c-body-parser body-parser
12 verbose addNamed [ 'body-parser', '' ]
13 verbose addNamed [ null, '*' ]
14 silly lockFile 9f665704-body-parser body-parser@
15 verbose lock body-parser@ /home/faradey/.npm/9f665704-body-parser.lock
16 silly addNameRange { name: 'body-parser', range: '*', hasData: false }
17 verbose request where is /body-parser
18 verbose request registry https://registry.npmjs.org/
19 verbose request id 55c1a540ce43f742
20 verbose url raw /body-parser
21 verbose url resolving [ 'https://registry.npmjs.org/', './body-parser' ]
22 verbose url resolved https://registry.npmjs.org/body-parser
23 verbose request where is https://registry.npmjs.org/body-parser
24 info trying registry request attempt 1 at 01:00:48
25 http GET https://registry.npmjs.org/body-parser
26 http 200 https://registry.npmjs.org/body-parser
27 silly registry.get cb [ 200,
27 silly registry.get   { date: 'Thu, 23 Oct 2014 22:00:50 GMT',
27 silly registry.get     server: 'CouchDB/1.5.0 (Erlang OTP/R16B03)',
27 silly registry.get     etag: '"6H78ALJN535B9H0WANI691DPE"',
27 silly registry.get     'content-type': 'application/json',
27 silly registry.get     'cache-control': 'max-age=60',
27 silly registry.get     'content-length': '69568',
27 silly registry.get     'accept-ranges': 'bytes',
27 silly registry.get     via: '1.1 varnish',
27 silly registry.get     age: '32',
27 silly registry.get     'x-served-by': 'cache-fra1244-FRA',
27 silly registry.get     'x-cache': 'HIT',
27 silly registry.get     'x-cache-hits': '1',
27 silly registry.get     'x-timer': 'S1414101650.068448,VS0,VE0',
27 silly registry.get     vary: 'Accept',
27 silly registry.get     'keep-alive': 'timeout=10, max=50',
27 silly registry.get     connection: 'Keep-Alive' } ]
28 silly addNameRange number 2 { name: 'body-parser', range: '*', hasData: true }
29 silly addNameRange versions [ 'body-parser',
29 silly addNameRange   [ '1.0.0',
29 silly addNameRange     '1.0.1',
29 silly addNameRange     '1.0.2',
29 silly addNameRange     '1.1.0',
29 silly addNameRange     '1.1.1',
29 silly addNameRange     '1.1.2',
29 silly addNameRange     '1.2.0',
29 silly addNameRange     '1.2.1',
29 silly addNameRange     '1.2.2',
29 silly addNameRange     '1.3.0',
29 silly addNameRange     '1.3.1',
29 silly addNameRange     '1.4.0',
29 silly addNameRange     '1.4.1',
29 silly addNameRange     '1.4.2',
29 silly addNameRange     '1.4.3',
29 silly addNameRange     '1.5.0',
29 silly addNameRange     '1.5.1',
29 silly addNameRange     '1.5.2',
29 silly addNameRange     '1.6.0',
29 silly addNameRange     '1.6.1',
29 silly addNameRange     '1.6.2',
29 silly addNameRange     '1.6.3',
29 silly addNameRange     '1.6.4',
29 silly addNameRange     '1.6.5',
29 silly addNameRange     '1.6.6',
29 silly addNameRange     '1.6.7',
29 silly addNameRange     '1.7.0',
29 silly addNameRange     '1.8.0',
29 silly addNameRange     '1.8.1',
29 silly addNameRange     '1.8.2',
29 silly addNameRange     '1.8.3',
29 silly addNameRange     '1.8.4',
29 silly addNameRange     '1.9.0',
29 silly addNameRange     '1.9.1' ] ]
30 verbose addNamed [ 'body-parser', '1.9.1' ]
31 verbose addNamed [ '1.9.1', '1.9.1' ]
32 silly lockFile 8ba6cd7a-body-parser-1-9-1 body-parser@1.9.1
33 verbose lock body-parser@1.9.1 /home/faradey/.npm/8ba6cd7a-body-parser-1-9-1.lock
34 silly lockFile 20a8bf76-ody-parser-body-parser-1-9-1-tgz https://registry.npmjs.org/body-parser/-/body-parser-1.9.1.tgz
35 verbose lock https://registry.npmjs.org/body-parser/-/body-parser-1.9.1.tgz /home/faradey/.npm/20a8bf76-ody-parser-body-parser-1-9-1-tgz.lock
36 verbose addRemoteTarball [ 'https://registry.npmjs.org/body-parser/-/body-parser-1.9.1.tgz',
36 verbose addRemoteTarball   '650a3047591fa9bb3cec191cb53933a468aa57aa' ]
37 info retry fetch attempt 1 at 01:00:49
38 verbose fetch to= /tmp/npm-23732-v8Kjuru_/registry.npmjs.org/body-parser/-/body-parser-1.9.1.tgz
39 http GET https://registry.npmjs.org/body-parser/-/body-parser-1.9.1.tgz
40 http 200 https://registry.npmjs.org/body-parser/-/body-parser-1.9.1.tgz
41 silly lockFile 20a8bf76-ody-parser-body-parser-1-9-1-tgz https://registry.npmjs.org/body-parser/-/body-parser-1.9.1.tgz
42 silly lockFile 20a8bf76-ody-parser-body-parser-1-9-1-tgz https://registry.npmjs.org/body-parser/-/body-parser-1.9.1.tgz
43 silly lockFile 8ba6cd7a-body-parser-1-9-1 body-parser@1.9.1
44 silly lockFile 8ba6cd7a-body-parser-1-9-1 body-parser@1.9.1
45 silly lockFile 9f665704-body-parser body-parser@
46 silly lockFile 9f665704-body-parser body-parser@
47 silly resolved [ { name: 'body-parser',
47 silly resolved     description: 'Node.js body parsing middleware',
47 silly resolved     version: '1.9.1',
47 silly resolved     contributors: [ [Object], [Object] ],
47 silly resolved     license: 'MIT',
47 silly resolved     repository: { type: 'git', url: 'https://github.com/expressjs/body-parser' },
47 silly resolved     dependencies:
47 silly resolved      { bytes: '1.0.0',
47 silly resolved        depd: '~1.0.0',
47 silly resolved        'iconv-lite': '0.4.4',
47 silly resolved        'media-typer': '0.3.0',
47 silly resolved        'on-finished': '~2.1.1',
47 silly resolved        qs: '2.3.0',
47 silly resolved        'raw-body': '1.3.0',
47 silly resolved        'type-is': '~1.5.2' },
47 silly resolved     devDependencies:
47 silly resolved      { istanbul: '0.3.2',
47 silly resolved        mocha: '~2.0.0',
47 silly resolved        should: '~4.1.0',
47 silly resolved        supertest: '~0.14.0' },
47 silly resolved     files: [ 'lib/', 'LICENSE', 'HISTORY.md', 'index.js' ],
47 silly resolved     engines: { node: '>= 0.8' },
47 silly resolved     scripts:
47 silly resolved      { test: 'mocha --require should --require test/support/env --reporter spec --check-leaks --bail test/',
47 silly resolved        'test-cov': 'istanbul cover node_modules/mocha/bin/_mocha -- --require test/support/env --reporter dot --check-leaks test/',
47 silly resolved        'test-travis': 'istanbul cover node_modules/mocha/bin/_mocha --report lcovonly -- --require test/support/env --reporter spec --check-leaks test/' },
47 silly resolved     gitHead: 'ebabe092af34b6995d43662654d9de1f2bf2ab86',
47 silly resolved     bugs: { url: 'https://github.com/expressjs/body-parser/issues' },
47 silly resolved     homepage: 'https://github.com/expressjs/body-parser',
47 silly resolved     _id: 'body-parser@1.9.1',
47 silly resolved     _shasum: '650a3047591fa9bb3cec191cb53933a468aa57aa',
47 silly resolved     _from: 'body-parser@',
47 silly resolved     _npmVersion: '1.4.21',
47 silly resolved     _npmUser: { name: 'dougwilson', email: 'doug@somethingdoug.com' },
47 silly resolved     maintainers: [ [Object], [Object], [Object], [Object], [Object], [Object] ],
47 silly resolved     dist:
47 silly resolved      { shasum: '650a3047591fa9bb3cec191cb53933a468aa57aa',
47 silly resolved        tarball: 'http://registry.npmjs.org/body-parser/-/body-parser-1.9.1.tgz' },
47 silly resolved     directories: {},
47 silly resolved     _resolved: 'https://registry.npmjs.org/body-parser/-/body-parser-1.9.1.tgz' } ]
48 info install body-parser@1.9.1 into /usr/lib
49 info installOne body-parser@1.9.1
50 verbose lib/node_modules/body-parser unbuild
51 verbose tar unpack /home/faradey/.npm/body-parser/1.9.1/package.tgz
52 silly lockFile f7a0b414-usr-lib-node-modules-body-parser tar:///usr/lib/node_modules/body-parser
53 verbose lock tar:///usr/lib/node_modules/body-parser /home/faradey/.npm/f7a0b414-usr-lib-node-modules-body-parser.lock
54 silly lockFile 99072dd6-pm-body-parser-1-9-1-package-tgz tar:///home/faradey/.npm/body-parser/1.9.1/package.tgz
55 verbose lock tar:///home/faradey/.npm/body-parser/1.9.1/package.tgz /home/faradey/.npm/99072dd6-pm-body-parser-1-9-1-package-tgz.lock
56 silly gunzTarPerm modes [ '775', '664' ]
57 error Error: EACCES, mkdir '/usr/lib/node_modules/body-parser'
57 error  { [Error: EACCES, mkdir '/usr/lib/node_modules/body-parser']
57 error   errno: 3,
57 error   code: 'EACCES',
57 error   path: '/usr/lib/node_modules/body-parser',
57 error   fstream_type: 'Directory',
57 error   fstream_path: '/usr/lib/node_modules/body-parser',
57 error   fstream_class: 'DirWriter',
57 error   fstream_stack:
57 error    [ '/usr/lib/node_modules/npm/node_modules/fstream/lib/dir-writer.js:36:23',
57 error      '/usr/lib/node_modules/npm/node_modules/mkdirp/index.js:46:53',
57 error      'Object.oncomplete (fs.js:107:15)' ] }
58 error Please try running this command again as root/Administrator.
59 error System Linux 3.13.0-37-generic
60 error command "/usr/bin/node" "/usr/bin/npm" "install" "-g" "body-parser"
61 error cwd /home/faradey/jslern/src/Server
62 error node -v v0.10.32
63 error npm -v 1.4.28
64 error path /usr/lib/node_modules/body-parser
65 error fstream_path /usr/lib/node_modules/body-parser
66 error fstream_type Directory
67 error fstream_class DirWriter
68 error code EACCES
69 error errno 3
70 error stack Error: EACCES, mkdir '/usr/lib/node_modules/body-parser'
71 error fstream_stack /usr/lib/node_modules/npm/node_modules/fstream/lib/dir-writer.js:36:23
71 error fstream_stack /usr/lib/node_modules/npm/node_modules/mkdirp/index.js:46:53
71 error fstream_stack Object.oncomplete (fs.js:107:15)
72 verbose exit [ 3, true ]
